<?xml version="1.0" encoding="UTF-8"?>
<!-- Generated by org.testng.reporters.JUnitXMLReporter -->
<testsuite ignored="4" hostname="DESKTOP-8KTIUQD" failures="3" tests="3" name="Test" time="86.391" errors="0" timestamp="2025-12-19T16:40:17 IST">
  <testcase classname="campaign_module.TestNG_Creating_Campaigns_Test" name="create_Campaigns" time="18.442">
    <failure type="java.lang.AssertionError" message="null">
      <![CDATA[java.lang.AssertionError: null
at campaign_module.TestNG_Creating_Campaigns_Test.create_Campaigns(TestNG_Creating_Campaigns_Test.java:44)
at java.base/java.util.ArrayList.forEach(ArrayList.java:1596)
at java.base/java.util.concurrent.FutureTask.run(FutureTask.java:317)
at java.base/java.util.concurrent.ThreadPoolExecutor.runWorker(ThreadPoolExecutor.java:1144)
at java.base/java.util.concurrent.ThreadPoolExecutor$Worker.run(ThreadPoolExecutor.java:642)
at java.base/java.lang.Thread.run(Thread.java:1583)
... Removed 17 stack frames]]>
    </failure>
  </testcase> <!-- create_Campaigns -->
  <testcase classname="product_module.TestNG_Creating_New_Product_Test" name="Creating_New_Product" time="16.382">
    <failure type="java.lang.AssertionError" message="null">
      <![CDATA[java.lang.AssertionError: null
at product_module.TestNG_Creating_New_Product_Test.Creating_New_Product(TestNG_Creating_New_Product_Test.java:37)
at java.base/java.util.ArrayList.forEach(ArrayList.java:1596)
at java.base/java.util.concurrent.FutureTask.run(FutureTask.java:317)
at java.base/java.util.concurrent.ThreadPoolExecutor.runWorker(ThreadPoolExecutor.java:1144)
at java.base/java.util.concurrent.ThreadPoolExecutor$Worker.run(ThreadPoolExecutor.java:642)
at java.base/java.lang.Thread.run(Thread.java:1583)
... Removed 17 stack frames]]>
    </failure>
  </testcase> <!-- Creating_New_Product -->
  <testcase classname="lead_module.TestNG_New_Lead_Test" name="creatingLead" time="12.746">
    <failure type="java.lang.AssertionError" message="null">
      <![CDATA[java.lang.AssertionError: null
at lead_module.TestNG_New_Lead_Test.creatingLead(TestNG_New_Lead_Test.java:35)
at java.base/java.util.ArrayList.forEach(ArrayList.java:1596)
at java.base/java.util.concurrent.FutureTask.run(FutureTask.java:317)
at java.base/java.util.concurrent.ThreadPoolExecutor.runWorker(ThreadPoolExecutor.java:1144)
at java.base/java.util.concurrent.ThreadPoolExecutor$Worker.run(ThreadPoolExecutor.java:642)
at java.base/java.lang.Thread.run(Thread.java:1583)
... Removed 17 stack frames]]>
    </failure>
  </testcase> <!-- creatingLead -->
  <testcase classname="generic_libraries.BaseClass" name="@AfterSuite disConnectToDb" time="0.0">
    <ignored/>
  </testcase> <!-- @AfterSuite disConnectToDb -->
  <testcase classname="generic_libraries.BaseClass" name="@AfterSuite disConnectToDb" time="0.0">
    <ignored/>
  </testcase> <!-- @AfterSuite disConnectToDb -->
  <testcase classname="generic_libraries.BaseClass" name="@BeforeSuite connectToDB" time="0.0">
    <ignored/>
  </testcase> <!-- @BeforeSuite connectToDB -->
  <testcase classname="generic_libraries.BaseClass" name="@BeforeSuite connectToDB" time="0.0">
    <ignored/>
  </testcase> <!-- @BeforeSuite connectToDB -->
</testsuite> <!-- Test -->
