<?xml version="1.0" encoding="UTF-8"?>
<!-- Generated by org.testng.reporters.JUnitXMLReporter -->
<testsuite ignored="0" hostname="DESKTOP-8KTIUQD" failures="1" tests="2" name="TestRunner 1" time="33.76" errors="0" timestamp="2025-12-22T10:59:51 IST">
  <testcase classname="testNG.Batch_Test1" name="display1" time="0.021"/>
  <testcase classname="testNG.Batch_Test1" name="display2" time="0.009">
    <failure type="java.lang.AssertionError" message="null">
      <![CDATA[java.lang.AssertionError: null
at testNG.Batch_Test1.display2(Batch_Test1.java:20)
at java.base/java.util.ArrayList.forEach(ArrayList.java:1596)
at java.base/java.util.concurrent.FutureTask.run(FutureTask.java:317)
at java.base/java.util.concurrent.ThreadPoolExecutor.runWorker(ThreadPoolExecutor.java:1144)
at java.base/java.util.concurrent.ThreadPoolExecutor$Worker.run(ThreadPoolExecutor.java:642)
at java.base/java.lang.Thread.run(Thread.java:1583)
... Removed 17 stack frames]]>
    </failure>
  </testcase> <!-- display2 -->
</testsuite> <!-- TestRunner 1 -->
