<?xml version="1.0" encoding="UTF-8"?>
<!-- Generated by org.testng.reporters.JUnitXMLReporter -->
<testsuite ignored="0" hostname="DESKTOP-8KTIUQD" failures="1" tests="3" name="Test 3" time="52.195" errors="0" timestamp="2025-12-23T14:55:26 IST">
  <testcase classname="product_module.TestNG_Creating_New_Product_Test" name="Creating_New_Product" time="0.003">
    <skipped/>
  </testcase> <!-- Creating_New_Product -->
  <testcase classname="product_module.TestNG_Creating_New_Product_Test" name="Creating_New_Product" time="0.002">
    <skipped/>
  </testcase> <!-- Creating_New_Product -->
  <testcase classname="product_module.TestNG_Creating_New_Product_Test" name="Creating_New_Product" time="22.591">
    <failure type="java.lang.NullPointerException" message="Cannot invoke &amp;quot;com.aventstack.extentreports.ExtentTest.log(com.aventstack.extentreports.Status, String)&amp;quot; because &amp;quot;this.test&amp;quot; is null">
      <![CDATA[java.lang.NullPointerException: Cannot invoke "com.aventstack.extentreports.ExtentTest.log(com.aventstack.extentreports.Status, String)" because "this.test" is null
at generic_libraries.ListenerImplementationClass.onTestSkipped(ListenerImplementationClass.java:122)
at java.base/java.util.ArrayList.forEach(ArrayList.java:1596)
at java.base/java.util.concurrent.FutureTask.run(FutureTask.java:317)
at java.base/java.util.concurrent.ThreadPoolExecutor.runWorker(ThreadPoolExecutor.java:1144)
at java.base/java.util.concurrent.ThreadPoolExecutor$Worker.run(ThreadPoolExecutor.java:642)
at java.base/java.lang.Thread.run(Thread.java:1583)
... Removed 14 stack frames]]>
    </failure>
  </testcase> <!-- Creating_New_Product -->
</testsuite> <!-- Test 3 -->
