<?xml version="1.0" encoding="UTF-8"?>
<testng-results ignored="0" total="1" passed="1" failed="0" skipped="0">
  <reporter-output>
  </reporter-output>
  <suite started-at="2025-12-29T18:06:28 IST" name="Surefire suite" finished-at="2025-12-29T18:06:42 IST" duration-ms="14442">
    <groups>
      <group name="Regression">
        <method signature="Batch_Test1.display2()[pri:0, instance:testNG.Batch_Test1@6f96c77]" name="display2" class="testNG.Batch_Test1"/>
      </group> <!-- Regression -->
    </groups>
    <test started-at="2025-12-29T18:06:28 IST" name="Surefire test" finished-at="2025-12-29T18:06:42 IST" duration-ms="14442">
      <class name="testNG.Batch_Test1">
        <test-method is-config="true" signature="connectToDB()[pri:0, instance:testNG.Batch_Test1@6f96c77]" started-at="2025-12-29T18:06:28 IST" name="connectToDB" finished-at="2025-12-29T18:06:28 IST" duration-ms="7" status="PASS">
          <reporter-output>
          </reporter-output>
        </test-method> <!-- connectToDB -->
        <test-method is-config="true" signature="lunchBrowser(java.lang.String)[pri:0, instance:testNG.Batch_Test1@6f96c77]" started-at="2025-12-29T18:06:28 IST" name="lunchBrowser" finished-at="2025-12-29T18:06:31 IST" duration-ms="2873" status="PASS">
          <params>
            <param index="0">
              <value>
                <![CDATA[chrome]]>
              </value>
            </param>
          </params>
          <reporter-output>
          </reporter-output>
        </test-method> <!-- lunchBrowser -->
        <test-method is-config="true" signature="loginToApp()[pri:0, instance:testNG.Batch_Test1@6f96c77]" started-at="2025-12-29T18:06:31 IST" name="loginToApp" finished-at="2025-12-29T18:06:36 IST" duration-ms="4707" status="PASS">
          <reporter-output>
          </reporter-output>
        </test-method> <!-- loginToApp -->
        <test-method signature="display2()[pri:0, instance:testNG.Batch_Test1@6f96c77]" started-at="2025-12-29T18:06:36 IST" name="display2" finished-at="2025-12-29T18:06:36 IST" duration-ms="19" status="PASS">
          <reporter-output>
          </reporter-output>
        </test-method> <!-- display2 -->
        <test-method is-config="true" signature="logoutFromApp()[pri:0, instance:testNG.Batch_Test1@6f96c77]" started-at="2025-12-29T18:06:36 IST" name="logoutFromApp" finished-at="2025-12-29T18:06:42 IST" duration-ms="6484" status="PASS">
          <reporter-output>
          </reporter-output>
        </test-method> <!-- logoutFromApp -->
        <test-method is-config="true" signature="closeBrowser()[pri:0, instance:testNG.Batch_Test1@6f96c77]" started-at="2025-12-29T18:06:42 IST" name="closeBrowser" finished-at="2025-12-29T18:06:42 IST" duration-ms="321" status="PASS">
          <reporter-output>
          </reporter-output>
        </test-method> <!-- closeBrowser -->
        <test-method is-config="true" signature="disConnectToDb()[pri:0, instance:testNG.Batch_Test1@6f96c77]" started-at="2025-12-29T18:06:42 IST" name="disConnectToDb" finished-at="2025-12-29T18:06:42 IST" duration-ms="1" status="PASS">
          <reporter-output>
          </reporter-output>
        </test-method> <!-- disConnectToDb -->
      </class> <!-- testNG.Batch_Test1 -->
    </test> <!-- Surefire test -->
  </suite> <!-- Surefire suite -->
</testng-results>
