<?xml version="1.0" encoding="UTF-8"?>
<testng-results ignored="0" total="1" passed="1" failed="0" skipped="0">
  <reporter-output>
  </reporter-output>
  <suite started-at="2025-12-29T17:52:13 IST" name="Default suite" finished-at="2025-12-29T17:52:24 IST" duration-ms="11007">
    <groups>
    </groups>
    <test started-at="2025-12-29T17:52:13 IST" name="Default test" finished-at="2025-12-29T17:52:24 IST" duration-ms="11007">
      <class name="data_driven_testing.ReadDataFromCmdLine_Test">
        <test-method signature="cmdLine()[pri:0, instance:data_driven_testing.ReadDataFromCmdLine_Test@409bf450]" started-at="2025-12-29T17:52:13 IST" name="cmdLine" finished-at="2025-12-29T17:52:24 IST" duration-ms="10942" status="PASS">
          <reporter-output>
          </reporter-output>
        </test-method> <!-- cmdLine -->
      </class> <!-- data_driven_testing.ReadDataFromCmdLine_Test -->
    </test> <!-- Default test -->
  </suite> <!-- Default suite -->
</testng-results>
