<?xml version="1.0" encoding="UTF-8"?>
<!-- Generated by org.testng.reporters.JUnitReportReporter -->
<testsuite hostname="DESKTOP-8KTIUQD" failures="0" tests="3" name="testNG.DataProviderTest" time="0.020" errors="0" timestamp="2025-12-15T17:40:04 IST" skipped="0">
  <testcase classname="testNG.DataProviderTest" name="getData" time="0.015"/>
  <testcase classname="testNG.DataProviderTest" name="getData" time="0.003"/>
  <testcase classname="testNG.DataProviderTest" name="getData" time="0.002"/>
</testsuite> <!-- testNG.DataProviderTest -->
