<?xml version="1.0" encoding="UTF-8"?>
<!-- Generated by org.testng.reporters.JUnitReportReporter -->
<testsuite hostname="DESKTOP-8KTIUQD" failures="0" tests="4" name="testNG.SampleTest" time="0.020" errors="0" timestamp="2025-12-15T14:40:38 IST" skipped="0">
  <testcase classname="testNG.SampleTest" name="Sample_m4" time="0.013"/>
  <testcase classname="testNG.SampleTest" name="Sample_m2" time="0.003"/>
  <testcase classname="testNG.SampleTest" name="Sample_m3" time="0.002"/>
  <testcase classname="testNG.SampleTest" name="Sample_m1" time="0.002"/>
</testsuite> <!-- testNG.SampleTest -->
