<?xml version="1.0" encoding="UTF-8"?>
<!-- Generated by org.testng.reporters.JUnitReportReporter -->
<testsuite hostname="DESKTOP-8KTIUQD" failures="0" tests="4" name="testNG.DataProvider_GenericTest" time="0.011" errors="0" timestamp="2025-12-16T12:30:54 IST" skipped="0">
  <testcase classname="testNG.DataProvider_GenericTest" name="excute" time="0.001"/>
  <testcase classname="testNG.DataProvider_GenericTest" name="excute" time="0.002"/>
  <testcase classname="testNG.DataProvider_GenericTest" name="excute" time="0.006"/>
  <testcase classname="testNG.DataProvider_GenericTest" name="excute" time="0.002"/>
</testsuite> <!-- testNG.DataProvider_GenericTest -->
