<?xml version="1.0" encoding="UTF-8"?>
<!-- Generated by org.testng.reporters.JUnitReportReporter -->
<testsuite hostname="DESKTOP-8KTIUQD" failures="0" tests="4" name="testNG.TestingDataProvider" time="0.023" errors="0" timestamp="2025-12-16T12:14:41 IST" skipped="0">
  <testcase classname="testNG.TestingDataProvider" name="getComapny" time="0.005"/>
  <testcase classname="testNG.TestingDataProvider" name="getComapny" time="0.002"/>
  <testcase classname="testNG.TestingDataProvider" name="getComapny" time="0.003"/>
  <testcase classname="testNG.TestingDataProvider" name="getComapny" time="0.013"/>
</testsuite> <!-- testNG.TestingDataProvider -->
