<?xml version="1.0" encoding="UTF-8"?>
<!-- Generated by org.testng.reporters.JUnitReportReporter -->
<testsuite hostname="DESKTOP-8KTIUQD" failures="0" tests="2" name="contacts_module.TestNG_Creating_Contacts_Test" time="64.280" errors="0" timestamp="2025-12-18T16:21:31 IST" skipped="0">
  <testcase classname="contacts_module.TestNG_Creating_Contacts_Test" name="createOrganization" time="29.535"/>
  <testcase classname="contacts_module.TestNG_Creating_Contacts_Test" name="createContacts" time="34.745"/>
</testsuite> <!-- contacts_module.TestNG_Creating_Contacts_Test -->
