<?xml version="1.0" encoding="UTF-8"?>
<!-- Generated by org.testng.reporters.JUnitReportReporter -->
<testsuite hostname="DESKTOP-8KTIUQD" failures="0" tests="1" name="opportunity_module.TestNG_Opportunity_with_Product_Test" time="57.729" errors="0" timestamp="2025-12-18T16:21:31 IST" skipped="0">
  <testcase classname="opportunity_module.TestNG_Opportunity_with_Product_Test" name="opportunity_with_Product" time="57.729"/>
</testsuite> <!-- opportunity_module.TestNG_Opportunity_with_Product_Test -->
