<?xml version="1.0" encoding="UTF-8"?>
<!-- Generated by org.testng.reporters.JUnitReportReporter -->
<testsuite hostname="DESKTOP-8KTIUQD" failures="0" tests="2" name="contacts_module.GUI_TestNG_Test" time="58.645" errors="0" timestamp="2025-12-16T16:53:35 IST" skipped="0">
  <testcase classname="contacts_module.GUI_TestNG_Test" name="createOrganization" time="23.475"/>
  <testcase classname="contacts_module.GUI_TestNG_Test" name="createContacts" time="35.170"/>
</testsuite> <!-- contacts_module.GUI_TestNG_Test -->
